0 -> CALL
1 --> TRANSFER
1 --> RETURN_DATA
0 -> CALL
1 --> CALL
2 ---> RETURN_DATA
1 --> TRANSFER
1 --> CALL
2 ---> CALL
3 ----> CALL
4 -----> RETURN_DATA
3 ----> CALL
4 -----> RETURN_DATA
3 ----> CALL
4 -----> RETURN_DATA
3 ----> CALL
4 -----> RETURN_DATA
3 ----> CALL
4 -----> CALL
5 ------> RETURN_DATA
4 -----> CALL
5 ------> RETURN_DATA
4 -----> CALL
5 ------> RETURN_DATA
4 -----> RETURN_DATA
3 ----> CALL
4 -----> CALL
5 ------> RETURN_DATA
4 -----> CALL
5 ------> RETURN_DATA
4 -----> CALL
5 ------> RETURN_DATA
4 -----> RETURN_DATA
3 ----> CALL
4 -----> RETURN_DATA
3 ----> CALL
4 -----> RETURN_DATA
3 ----> CALL
4 -----> CALL
5 ------> RETURN_DATA
4 -----> CALL
5 ------> RETURN_DATA
4 -----> CALL
5 ------> RETURN_DATA
4 -----> CALL
5 ------> CALL
6 -------> RETURN_DATA
5 ------> CALL
6 -------> RETURN_DATA
5 ------> RETURN_DATA
4 -----> RETURN_DATA
3 ----> CALL
4 -----> CALL
5 ------> RETURN_DATA
4 -----> CALL
5 ------> RETURN_DATA
4 -----> CALL
5 ------> RETURN_DATA
4 -----> CALL
5 ------> CALL
6 -------> RETURN_DATA
5 ------> CALL
6 -------> RETURN_DATA
5 ------> RETURN_DATA
4 -----> RETURN_DATA
3 ----> CALL
4 -----> CALL
5 ------> RETURN_DATA
4 -----> CALL
5 ------> RETURN_DATA
4 -----> CALL
5 ------> RETURN_DATA
4 -----> RETURN_DATA
3 ----> CALL
4 -----> RETURN_DATA
3 ----> CALL
4 -----> CALL
5 ------> RETURN_DATA
4 -----> CALL
5 ------> RETURN_DATA
4 -----> RETURN_DATA
3 ----> CALL
4 -----> RETURN_DATA
3 ----> CALL
4 -----> RETURN_DATA
3 ----> CALL
4 -----> RETURN_DATA
3 ----> CALL
4 -----> RETURN_DATA
3 ----> CALL
4 -----> CALL
5 ------> RETURN_DATA
4 -----> RETURN_DATA
3 ----> CALL
4 -----> CALL
5 ------> RETURN_DATA
4 -----> RETURN_DATA
3 ----> CALL
4 -----> RETURN_DATA
3 ----> CALL
4 -----> RETURN_DATA
3 ----> CALL
4 -----> CALL
5 ------> RETURN_DATA
4 -----> CALL
5 ------> RETURN_DATA
4 -----> CALL
5 ------> RETURN_DATA
4 -----> CALL
5 ------> CALL
6 -------> RETURN_DATA
5 ------> CALL
6 -------> RETURN_DATA
5 ------> RETURN_DATA
4 -----> CALL
5 ------> RETURN_DATA
4 -----> RETURN_DATA
3 ----> LOG_DATA
3 ----> CALL
4 -----> CALL
5 ------> RETURN_DATA
4 -----> RETURN_DATA
3 ----> CALL
4 -----> RETURN_DATA
3 ----> CALL
4 -----> RETURN_DATA
3 ----> CALL
4 -----> RETURN_DATA
3 ----> CALL
4 -----> RETURN_DATA
3 ----> CALL
4 -----> RETURN_DATA
3 ----> TRANSFER
3 ----> CALL
4 -----> RETURN_DATA
3 ----> LOG_DATA
3 ----> CALL
4 -----> RETURN_DATA
3 ----> RETURN_DATA
2 ---> RETURN_DATA
1 --> CALL
2 ---> CALL
3 ----> RETURN_DATA
2 ---> CALL
3 ----> CALL
4 -----> RETURN_DATA
3 ----> RETURN_DATA
2 ---> TRANSFER
2 ---> RETURN_DATA
1 --> TRANSFER
1 --> CALL
2 ---> CALL
3 ----> RETURN_DATA
2 ---> CALL
3 ----> RETURN_DATA
2 ---> CALL
3 ----> RETURN_DATA
2 ---> CALL
3 ----> CALL
4 -----> RETURN_DATA
3 ----> CALL
4 -----> RETURN_DATA
3 ----> CALL
4 -----> RETURN_DATA
3 ----> CALL
4 -----> CALL
5 ------> RETURN_DATA
4 -----> CALL
5 ------> RETURN_DATA
4 -----> RETURN_DATA
3 ----> RETURN_DATA
2 ---> CALL
3 ----> RETURN_DATA
2 ---> CALL
3 ----> CALL
4 -----> CALL
5 ------> RETURN_DATA
4 -----> CALL
5 ------> RETURN_DATA
4 -----> CALL
5 ------> RETURN_DATA
4 -----> CALL
5 ------> RETURN_DATA
4 -----> CALL
5 ------> CALL
6 -------> RETURN_DATA
5 ------> CALL
6 -------> RETURN_DATA
5 ------> RETURN_DATA
4 -----> CALL
5 ------> RETURN_DATA
4 -----> CALL
5 ------> CALL
6 -------> RETURN_DATA
5 ------> CALL
6 -------> RETURN_DATA
5 ------> CALL
6 -------> RETURN_DATA
5 ------> CALL
6 -------> CALL
7 --------> RETURN_DATA
6 -------> CALL
7 --------> RETURN_DATA
6 -------> RETURN_DATA
5 ------> RETURN_DATA
4 -----> CALL
5 ------> CALL
6 -------> RETURN_DATA
5 ------> RETURN_DATA
4 -----> CALL
5 ------> RETURN_DATA
4 -----> CALL
5 ------> CALL
6 -------> RETURN_DATA
5 ------> CALL
6 -------> RETURN_DATA
5 ------> CALL
6 -------> RETURN_DATA
5 ------> CALL
6 -------> CALL
7 --------> RETURN_DATA
6 -------> CALL
7 --------> RETURN_DATA
6 -------> RETURN_DATA
5 ------> CALL
6 -------> RETURN_DATA
5 ------> RETURN_DATA
4 -----> CALL
5 ------> RETURN_DATA
4 -----> CALL
5 ------> RETURN_DATA
4 -----> LOG_DATA
4 -----> CALL
5 ------> RETURN_DATA
4 -----> CALL
5 ------> RETURN_DATA
4 -----> CALL
5 ------> CALL
6 -------> RETURN_DATA
5 ------> CALL
6 -------> RETURN_DATA
5 ------> CALL
6 -------> RETURN_DATA
5 ------> CALL
6 -------> CALL
7 --------> RETURN_DATA
6 -------> CALL
7 --------> RETURN_DATA
6 -------> RETURN_DATA
5 ------> CALL
6 -------> RETURN_DATA
5 ------> RETURN_DATA
4 -----> CALL
5 ------> RETURN_DATA
4 -----> CALL
5 ------> RETURN_DATA
4 -----> CALL
5 ------> CALL
6 -------> RETURN_DATA
5 ------> CALL
6 -------> RETURN_DATA
5 ------> CALL
6 -------> RETURN_DATA
5 ------> CALL
6 -------> RETURN_DATA
5 ------> CALL
6 -------> CALL
7 --------> RETURN_DATA
6 -------> CALL
7 --------> RETURN_DATA
6 -------> RETURN_DATA
5 ------> CALL
6 -------> RETURN_DATA
5 ------> CALL
6 -------> RETURN_DATA
5 ------> CALL
6 -------> RETURN_DATA
5 ------> CALL
6 -------> RETURN_DATA
5 ------> CALL
6 -------> RETURN_DATA
5 ------> RETURN_DATA
4 -----> CALL
5 ------> CALL
6 -------> RETURN_DATA
5 ------> CALL
6 -------> RETURN_DATA
5 ------> CALL
6 -------> RETURN_DATA
5 ------> CALL
6 -------> CALL
7 --------> RETURN_DATA
6 -------> CALL
7 --------> RETURN_DATA
6 -------> RETURN_DATA
5 ------> CALL
6 -------> RETURN_DATA
5 ------> RETURN_DATA
4 -----> CALL
5 ------> RETURN_DATA
4 -----> CALL
5 ------> RETURN_DATA
4 -----> CALL
5 ------> RETURN_DATA
4 -----> CALL
5 ------> RETURN_DATA
4 -----> CALL
5 ------> CALL
6 -------> RETURN_DATA
5 ------> CALL
6 -------> RETURN_DATA
5 ------> CALL
6 -------> RETURN_DATA
5 ------> CALL
6 -------> CALL
7 --------> RETURN_DATA
6 -------> CALL
7 --------> RETURN_DATA
6 -------> RETURN_DATA
5 ------> CALL
6 -------> RETURN_DATA
5 ------> RETURN_DATA
4 -----> CALL
5 ------> RETURN_DATA
4 -----> LOG_DATA
4 -----> LOG_DATA
4 -----> CALL
5 ------> RETURN_DATA
4 -----> RETURN_DATA
3 ----> RETURN_DATA
2 ---> LOG_DATA
2 ---> RETURN_DATA
1 --> LOG_DATA
1 --> RETURN_DATA
0 -> RETURN
1 --> SCRIPT_RESULT
