0 -> CALL
1 --> TRANSFER
1 --> RETURN_DATA
0 -> CALL
1 --> CALL
2 ---> RETURN_DATA
1 --> CALL
2 ---> RETURN_DATA
1 --> CALL
2 ---> RETURN_DATA
1 --> CALL
2 ---> RETURN_DATA
1 --> CALL
2 ---> LOG_DATA
2 ---> RETURN_DATA
1 --> CALL
2 ---> CALL
3 ----> RETURN_DATA
2 ---> CALL
3 ----> RETURN_DATA
2 ---> CALL
3 ----> LOG_DATA
3 ----> RETURN_DATA
2 ---> RETURN_DATA
1 --> CALL
2 ---> CALL
3 ----> RETURN_DATA
2 ---> CALL
3 ----> RETURN_DATA
2 ---> CALL
3 ----> RETURN_DATA
2 ---> CALL
3 ----> CALL
4 -----> RETURN_DATA
3 ----> CALL
4 -----> RETURN_DATA
3 ----> RETURN_DATA
2 ---> RETURN_DATA
1 --> CALL
2 ---> RETURN_DATA
1 --> CALL
2 ---> CALL
3 ----> RETURN_DATA
2 ---> CALL
3 ----> RETURN_DATA
2 ---> RETURN_DATA
1 --> CALL
2 ---> RETURN_DATA
1 --> CALL
2 ---> RETURN_DATA
1 --> CALL
2 ---> CALL
3 ----> RETURN_DATA
2 ---> RETURN_DATA
1 --> CALL
2 ---> RETURN_DATA
1 --> CALL
2 ---> LOG_DATA
2 ---> RETURN_DATA
1 --> CALL
2 ---> CALL
3 ----> RETURN_DATA
2 ---> CALL
3 ----> RETURN_DATA
2 ---> CALL
3 ----> RETURN_DATA
2 ---> CALL
3 ----> CALL
4 -----> RETURN_DATA
3 ----> CALL
4 -----> RETURN_DATA
3 ----> RETURN_DATA
2 ---> CALL
3 ----> RETURN_DATA
2 ---> RETURN_DATA
1 --> LOG_DATA
1 --> CALL
2 ---> CALL
3 ----> RETURN_DATA
2 ---> CALL
3 ----> RETURN_DATA
2 ---> RETURN_DATA
1 --> CALL
2 ---> LOG_DATA
2 ---> CALL
3 ----> RETURN_DATA
2 ---> LOG_DATA
2 ---> RETURN_DATA
1 --> CALL
2 ---> LOG_DATA
2 ---> LOG_DATA
2 ---> RETURN_DATA
1 --> CALL
2 ---> RETURN_DATA
1 --> CALL
2 ---> CALL
3 ----> CALL
4 -----> RETURN_DATA
3 ----> CALL
4 -----> RETURN_DATA
3 ----> RETURN_DATA
2 ---> MINT
2 ---> TRANSFER_OUT
2 ---> RETURN_DATA
1 --> LOG_DATA
1 --> CALL
2 ---> RETURN_DATA
1 --> RETURN_DATA
0 -> RETURN
1 --> SCRIPT_RESULT
